<?xml version="1.0" encoding="UTF-8"?>
<testsuite xmlns:xsi="http://www.w3.org/2001/XMLSchema-instance" xsi:noNamespaceSchemaLocation="https://maven.apache.org/surefire/maven-surefire-plugin/xsd/surefire-test-report-3.0.xsd" version="3.0" name="TestSuite" time="1.131" tests="6" errors="0" skipped="2" failures="4">
  <properties>
[...]
</properties>
  <testcase name="setUp" classname="com.syntax.testcases.LoginPageTest" time="0.807">
    <failure message="The driver executable does not exist: C:\Users\Novruz Orayev\eclipse-workspace\TestNGFramework\src\test\resources\drivers\chromedriver" type="java.lang.IllegalStateException">java.lang.IllegalStateException: The driver executable does not exist: C:\Users\Novruz Orayev\eclipse-workspace\TestNGFramework\src\test\resources\drivers\chromedriver
</failure>
    <system-out><![CDATA[Test started:Smoke Test
]]></system-out>
  </testcase>
  <testcase name="setUp" classname="com.syntax.testcases.LoginPageTest" time="0.811">
    <failure message="The driver executable does not exist: C:\Users\Novruz Orayev\eclipse-workspace\TestNGFramework\src\test\resources\drivers\chromedriver" type="java.lang.IllegalStateException">java.lang.IllegalStateException: The driver executable does not exist: C:\Users\Novruz Orayev\eclipse-workspace\TestNGFramework\src\test\resources\drivers\chromedriver
</failure>
  </testcase>
  <testcase name="doLogin" classname="com.syntax.testcases.LoginPageTest" time="0">
    <skipped message="The driver executable does not exist: C:\Users\Novruz Orayev\eclipse-workspace\TestNGFramework\src\test\resources\drivers\chromedriver"/>
    <system-out><![CDATA[Test case skipped:doLogin
]]></system-out>
  </testcase>
  <testcase name="tearDown" classname="com.syntax.testcases.LoginPageTest" time="0.807">
    <failure type="java.lang.NullPointerException">java.lang.NullPointerException
</failure>
  </testcase>
  <testcase name="tearDown" classname="com.syntax.testcases.LoginPageTest" time="0.811">
    <failure type="java.lang.NullPointerException">java.lang.NullPointerException
</failure>
  </testcase>
  <testcase name="loginToOrangeHRM" classname="com.syntax.testcases.LoginPageTest" time="0">
    <skipped message="The driver executable does not exist: C:\Users\Novruz Orayev\eclipse-workspace\TestNGFramework\src\test\resources\drivers\chromedriver"/>
    <system-out><![CDATA[Test case skipped:loginToOrangeHRM
]]></system-out>
  </testcase>
</testsuite>